<?xml version="1.0" encoding="UTF-8"?>
<testsuite name="dataTypesExercise1.TestDataTypesExercise1" tests="2" skipped="0" failures="0" errors="0" timestamp="2020-04-08T13:15:57" hostname="eKItabus-MacBook-Pro.local" time="0.025">
  <properties/>
  <testcase name="checkOutput" classname="dataTypesExercise1.TestDataTypesExercise1" time="0.022"/>
  <testcase name="checkTypeMismatch" classname="dataTypesExercise1.TestDataTypesExercise1" time="0.002"/>
  <system-out><![CDATA[]]></system-out>
  <system-err><![CDATA[]]></system-err>
</testsuite>
